{"/Users/a/LAFOSSE/week-7/project-beta/server/app.js": {"path":"/Users/a/LAFOSSE/week-7/project-beta/server/app.js","statementMap":{"0":{"start":{"line":1,"column":0},"end":{"line":1,"column":27}},"1":{"start":{"line":2,"column":16},"end":{"line":2,"column":34}},"2":{"start":{"line":3,"column":13},"end":{"line":3,"column":28}},"3":{"start":{"line":5,"column":19},"end":{"line":5,"column":43}},"4":{"start":{"line":6,"column":21},"end":{"line":6,"column":47}},"5":{"start":{"line":7,"column":22},"end":{"line":7,"column":49}},"6":{"start":{"line":8,"column":23},"end":{"line":8,"column":51}},"7":{"start":{"line":10,"column":12},"end":{"line":10,"column":21}},"8":{"start":{"line":12,"column":0},"end":{"line":12,"column":60}},"9":{"start":{"line":13,"column":0},"end":{"line":13,"column":24}},"10":{"start":{"line":15,"column":0},"end":{"line":15,"column":29}},"11":{"start":{"line":16,"column":0},"end":{"line":16,"column":33}},"12":{"start":{"line":17,"column":0},"end":{"line":17,"column":34}},"13":{"start":{"line":18,"column":0},"end":{"line":18,"column":35}},"14":{"start":{"line":20,"column":0},"end":{"line":20,"column":21}}},"fnMap":{},"branchMap":{"0":{"loc":{"start":{"line":12,"column":23},"end":{"line":12,"column":55}},"type":"binary-expr","locations":[{"start":{"line":12,"column":23},"end":{"line":12,"column":48}},{"start":{"line":12,"column":52},"end":{"line":12,"column":55}}],"line":12}},"s":{"0":3,"1":3,"2":3,"3":3,"4":3,"5":3,"6":3,"7":3,"8":3,"9":3,"10":3,"11":3,"12":3,"13":3,"14":3},"f":{},"b":{"0":[3,3]},"_coverageSchema":"1a1c01bbd47fc00a2c39e90264f33305004495a9","hash":"273f6d5591301d163d901aec06b6d9a9f2440308"}
,"/Users/a/LAFOSSE/week-7/project-beta/server/__tests__/integration/config.js": {"path":"/Users/a/LAFOSSE/week-7/project-beta/server/__tests__/integration/config.js","statementMap":{"0":{"start":{"line":1,"column":0},"end":{"line":1,"column":27}},"1":{"start":{"line":2,"column":11},"end":{"line":2,"column":24}},"2":{"start":{"line":3,"column":11},"end":{"line":3,"column":44}},"3":{"start":{"line":5,"column":17},"end":{"line":5,"column":69}},"4":{"start":{"line":7,"column":20},"end":{"line":15,"column":1}},"5":{"start":{"line":8,"column":4},"end":{"line":14,"column":5}},"6":{"start":{"line":9,"column":8},"end":{"line":9,"column":33}},"7":{"start":{"line":10,"column":8},"end":{"line":10,"column":50}},"8":{"start":{"line":12,"column":8},"end":{"line":12,"column":54}},"9":{"start":{"line":13,"column":8},"end":{"line":13,"column":18}},"10":{"start":{"line":17,"column":0},"end":{"line":17,"column":33}},"11":{"start":{"line":19,"column":0},"end":{"line":23,"column":3}},"12":{"start":{"line":20,"column":4},"end":{"line":22,"column":7}},"13":{"start":{"line":21,"column":8},"end":{"line":21,"column":42}}},"fnMap":{"0":{"name":"(anonymous_0)","decl":{"start":{"line":7,"column":20},"end":{"line":7,"column":21}},"loc":{"start":{"line":7,"column":32},"end":{"line":15,"column":1}},"line":7},"1":{"name":"(anonymous_1)","decl":{"start":{"line":19,"column":19},"end":{"line":19,"column":20}},"loc":{"start":{"line":19,"column":25},"end":{"line":23,"column":1}},"line":19},"2":{"name":"(anonymous_2)","decl":{"start":{"line":20,"column":26},"end":{"line":20,"column":27}},"loc":{"start":{"line":20,"column":32},"end":{"line":22,"column":5}},"line":20}},"branchMap":{},"s":{"0":3,"1":3,"2":3,"3":3,"4":3,"5":16,"6":16,"7":16,"8":0,"9":0,"10":3,"11":3,"12":3,"13":3},"f":{"0":16,"1":3,"2":3},"b":{},"_coverageSchema":"1a1c01bbd47fc00a2c39e90264f33305004495a9","hash":"06672e18736a7b1748c2f774234976810f6e8446"}
,"/Users/a/LAFOSSE/week-7/project-beta/server/controllers/auth.js": {"path":"/Users/a/LAFOSSE/week-7/project-beta/server/controllers/auth.js","statementMap":{"0":{"start":{"line":1,"column":15},"end":{"line":1,"column":32}},"1":{"start":{"line":2,"column":12},"end":{"line":2,"column":35}},"2":{"start":{"line":3,"column":13},"end":{"line":3,"column":38}},"3":{"start":{"line":6,"column":2},"end":{"line":24,"column":3}},"4":{"start":{"line":7,"column":35},"end":{"line":7,"column":43}},"5":{"start":{"line":9,"column":4},"end":{"line":11,"column":5}},"6":{"start":{"line":10,"column":6},"end":{"line":10,"column":83}},"7":{"start":{"line":13,"column":21},"end":{"line":13,"column":56}},"8":{"start":{"line":14,"column":4},"end":{"line":16,"column":5}},"9":{"start":{"line":15,"column":6},"end":{"line":15,"column":72}},"10":{"start":{"line":18,"column":27},"end":{"line":18,"column":96}},"11":{"start":{"line":19,"column":17},"end":{"line":19,"column":60}},"12":{"start":{"line":21,"column":4},"end":{"line":21,"column":77}},"13":{"start":{"line":23,"column":4},"end":{"line":23,"column":49}},"14":{"start":{"line":28,"column":2},"end":{"line":57,"column":3}},"15":{"start":{"line":29,"column":35},"end":{"line":29,"column":43}},"16":{"start":{"line":31,"column":4},"end":{"line":33,"column":5}},"17":{"start":{"line":32,"column":6},"end":{"line":32,"column":83}},"18":{"start":{"line":35,"column":17},"end":{"line":35,"column":52}},"19":{"start":{"line":36,"column":4},"end":{"line":38,"column":5}},"20":{"start":{"line":37,"column":6},"end":{"line":37,"column":77}},"21":{"start":{"line":40,"column":28},"end":{"line":40,"column":73}},"22":{"start":{"line":41,"column":4},"end":{"line":43,"column":5}},"23":{"start":{"line":42,"column":6},"end":{"line":42,"column":77}},"24":{"start":{"line":45,"column":18},"end":{"line":49,"column":5}},"25":{"start":{"line":51,"column":4},"end":{"line":54,"column":7}},"26":{"start":{"line":56,"column":4},"end":{"line":56,"column":49}},"27":{"start":{"line":60,"column":0},"end":{"line":60,"column":37}}},"fnMap":{"0":{"name":"register","decl":{"start":{"line":5,"column":15},"end":{"line":5,"column":23}},"loc":{"start":{"line":5,"column":34},"end":{"line":25,"column":1}},"line":5},"1":{"name":"login","decl":{"start":{"line":27,"column":15},"end":{"line":27,"column":20}},"loc":{"start":{"line":27,"column":31},"end":{"line":58,"column":1}},"line":27}},"branchMap":{"0":{"loc":{"start":{"line":9,"column":4},"end":{"line":11,"column":5}},"type":"if","locations":[{"start":{"line":9,"column":4},"end":{"line":11,"column":5}},{"start":{},"end":{}}],"line":9},"1":{"loc":{"start":{"line":9,"column":8},"end":{"line":9,"column":30}},"type":"binary-expr","locations":[{"start":{"line":9,"column":8},"end":{"line":9,"column":17}},{"start":{"line":9,"column":21},"end":{"line":9,"column":30}}],"line":9},"2":{"loc":{"start":{"line":14,"column":4},"end":{"line":16,"column":5}},"type":"if","locations":[{"start":{"line":14,"column":4},"end":{"line":16,"column":5}},{"start":{},"end":{}}],"line":14},"3":{"loc":{"start":{"line":31,"column":4},"end":{"line":33,"column":5}},"type":"if","locations":[{"start":{"line":31,"column":4},"end":{"line":33,"column":5}},{"start":{},"end":{}}],"line":31},"4":{"loc":{"start":{"line":31,"column":8},"end":{"line":31,"column":30}},"type":"binary-expr","locations":[{"start":{"line":31,"column":8},"end":{"line":31,"column":17}},{"start":{"line":31,"column":21},"end":{"line":31,"column":30}}],"line":31},"5":{"loc":{"start":{"line":36,"column":4},"end":{"line":38,"column":5}},"type":"if","locations":[{"start":{"line":36,"column":4},"end":{"line":38,"column":5}},{"start":{},"end":{}}],"line":36},"6":{"loc":{"start":{"line":41,"column":4},"end":{"line":43,"column":5}},"type":"if","locations":[{"start":{"line":41,"column":4},"end":{"line":43,"column":5}},{"start":{},"end":{}}],"line":41}},"s":{"0":3,"1":3,"2":3,"3":16,"4":16,"5":16,"6":0,"7":16,"8":16,"9":1,"10":15,"11":15,"12":15,"13":0,"14":14,"15":14,"16":14,"17":0,"18":14,"19":14,"20":1,"21":13,"22":13,"23":1,"24":12,"25":12,"26":0,"27":3},"f":{"0":16,"1":14},"b":{"0":[0,16],"1":[16,16],"2":[1,15],"3":[0,14],"4":[14,14],"5":[1,13],"6":[1,12]},"_coverageSchema":"1a1c01bbd47fc00a2c39e90264f33305004495a9","hash":"c4e143e9eb4c619ac48f77b1a8562e7688d765e3"}
,"/Users/a/LAFOSSE/week-7/project-beta/server/controllers/external.js": {"path":"/Users/a/LAFOSSE/week-7/project-beta/server/controllers/external.js","statementMap":{"0":{"start":{"line":1,"column":14},"end":{"line":1,"column":40}},"1":{"start":{"line":4,"column":2},"end":{"line":31,"column":3}},"2":{"start":{"line":5,"column":18},"end":{"line":5,"column":53}},"3":{"start":{"line":6,"column":4},"end":{"line":6,"column":73}},"4":{"start":{"line":6,"column":16},"end":{"line":6,"column":73}},"5":{"start":{"line":9,"column":4},"end":{"line":16,"column":5}},"6":{"start":{"line":10,"column":22},"end":{"line":12,"column":7}},"7":{"start":{"line":13,"column":6},"end":{"line":13,"column":38}},"8":{"start":{"line":15,"column":6},"end":{"line":15,"column":69}},"9":{"start":{"line":18,"column":4},"end":{"line":20,"column":5}},"10":{"start":{"line":19,"column":6},"end":{"line":19,"column":71}},"11":{"start":{"line":22,"column":23},"end":{"line":22,"column":55}},"12":{"start":{"line":23,"column":4},"end":{"line":25,"column":5}},"13":{"start":{"line":24,"column":6},"end":{"line":24,"column":76}},"14":{"start":{"line":27,"column":20},"end":{"line":27,"column":79}},"15":{"start":{"line":28,"column":4},"end":{"line":28,"column":34}},"16":{"start":{"line":30,"column":4},"end":{"line":30,"column":61}},"17":{"start":{"line":34,"column":0},"end":{"line":34,"column":43}}},"fnMap":{"0":{"name":"refreshExternalRating","decl":{"start":{"line":3,"column":15},"end":{"line":3,"column":36}},"loc":{"start":{"line":3,"column":47},"end":{"line":32,"column":1}},"line":3}},"branchMap":{"0":{"loc":{"start":{"line":6,"column":4},"end":{"line":6,"column":73}},"type":"if","locations":[{"start":{"line":6,"column":4},"end":{"line":6,"column":73}},{"start":{},"end":{}}],"line":6},"1":{"loc":{"start":{"line":18,"column":4},"end":{"line":20,"column":5}},"type":"if","locations":[{"start":{"line":18,"column":4},"end":{"line":20,"column":5}},{"start":{},"end":{}}],"line":18},"2":{"loc":{"start":{"line":18,"column":8},"end":{"line":18,"column":58}},"type":"binary-expr","locations":[{"start":{"line":18,"column":8},"end":{"line":18,"column":25}},{"start":{"line":18,"column":29},"end":{"line":18,"column":58}}],"line":18},"3":{"loc":{"start":{"line":23,"column":4},"end":{"line":25,"column":5}},"type":"if","locations":[{"start":{"line":23,"column":4},"end":{"line":25,"column":5}},{"start":{},"end":{}}],"line":23}},"s":{"0":3,"1":0,"2":0,"3":0,"4":0,"5":0,"6":0,"7":0,"8":0,"9":0,"10":0,"11":0,"12":0,"13":0,"14":0,"15":0,"16":0,"17":3},"f":{"0":0},"b":{"0":[0,0],"1":[0,0],"2":[0,0],"3":[0,0]},"_coverageSchema":"1a1c01bbd47fc00a2c39e90264f33305004495a9","hash":"0a0edd0cf4b0d7df135c4df07cd4bd1257062c5a"}
,"/Users/a/LAFOSSE/week-7/project-beta/server/controllers/movies.js": {"path":"/Users/a/LAFOSSE/week-7/project-beta/server/controllers/movies.js","statementMap":{"0":{"start":{"line":1,"column":14},"end":{"line":1,"column":40}},"1":{"start":{"line":4,"column":2},"end":{"line":9,"column":3}},"2":{"start":{"line":5,"column":19},"end":{"line":5,"column":39}},"3":{"start":{"line":6,"column":4},"end":{"line":6,"column":33}},"4":{"start":{"line":8,"column":4},"end":{"line":8,"column":49}},"5":{"start":{"line":13,"column":2},"end":{"line":28,"column":3}},"6":{"start":{"line":14,"column":93},"end":{"line":14,"column":101}},"7":{"start":{"line":16,"column":4},"end":{"line":18,"column":5}},"8":{"start":{"line":17,"column":6},"end":{"line":17,"column":78}},"9":{"start":{"line":20,"column":18},"end":{"line":23,"column":24}},"10":{"start":{"line":25,"column":4},"end":{"line":25,"column":32}},"11":{"start":{"line":27,"column":4},"end":{"line":27,"column":49}},"12":{"start":{"line":32,"column":2},"end":{"line":38,"column":3}},"13":{"start":{"line":33,"column":18},"end":{"line":33,"column":53}},"14":{"start":{"line":34,"column":4},"end":{"line":34,"column":73}},"15":{"start":{"line":34,"column":16},"end":{"line":34,"column":73}},"16":{"start":{"line":35,"column":4},"end":{"line":35,"column":32}},"17":{"start":{"line":37,"column":4},"end":{"line":37,"column":49}},"18":{"start":{"line":42,"column":2},"end":{"line":54,"column":3}},"19":{"start":{"line":43,"column":18},"end":{"line":43,"column":53}},"20":{"start":{"line":44,"column":4},"end":{"line":44,"column":73}},"21":{"start":{"line":44,"column":16},"end":{"line":44,"column":73}},"22":{"start":{"line":46,"column":4},"end":{"line":48,"column":5}},"23":{"start":{"line":47,"column":6},"end":{"line":47,"column":84}},"24":{"start":{"line":50,"column":4},"end":{"line":50,"column":42}},"25":{"start":{"line":51,"column":4},"end":{"line":51,"column":32}},"26":{"start":{"line":53,"column":4},"end":{"line":53,"column":49}},"27":{"start":{"line":57,"column":0},"end":{"line":57,"column":68}}},"fnMap":{"0":{"name":"getMovies","decl":{"start":{"line":3,"column":15},"end":{"line":3,"column":24}},"loc":{"start":{"line":3,"column":35},"end":{"line":10,"column":1}},"line":3},"1":{"name":"addMovie","decl":{"start":{"line":12,"column":15},"end":{"line":12,"column":23}},"loc":{"start":{"line":12,"column":34},"end":{"line":29,"column":1}},"line":12},"2":{"name":"getMovieById","decl":{"start":{"line":31,"column":15},"end":{"line":31,"column":27}},"loc":{"start":{"line":31,"column":38},"end":{"line":39,"column":1}},"line":31},"3":{"name":"deleteMovie","decl":{"start":{"line":41,"column":15},"end":{"line":41,"column":26}},"loc":{"start":{"line":41,"column":37},"end":{"line":55,"column":1}},"line":41}},"branchMap":{"0":{"loc":{"start":{"line":16,"column":4},"end":{"line":18,"column":5}},"type":"if","locations":[{"start":{"line":16,"column":4},"end":{"line":18,"column":5}},{"start":{},"end":{}}],"line":16},"1":{"loc":{"start":{"line":16,"column":8},"end":{"line":16,"column":81}},"type":"binary-expr","locations":[{"start":{"line":16,"column":8},"end":{"line":16,"column":18}},{"start":{"line":16,"column":22},"end":{"line":16,"column":31}},{"start":{"line":16,"column":35},"end":{"line":16,"column":44}},{"start":{"line":16,"column":48},"end":{"line":16,"column":63}},{"start":{"line":16,"column":67},"end":{"line":16,"column":81}}],"line":16},"2":{"loc":{"start":{"line":22,"column":22},"end":{"line":22,"column":42}},"type":"binary-expr","locations":[{"start":{"line":22,"column":22},"end":{"line":22,"column":36}},{"start":{"line":22,"column":40},"end":{"line":22,"column":42}}],"line":22},"3":{"loc":{"start":{"line":34,"column":4},"end":{"line":34,"column":73}},"type":"if","locations":[{"start":{"line":34,"column":4},"end":{"line":34,"column":73}},{"start":{},"end":{}}],"line":34},"4":{"loc":{"start":{"line":44,"column":4},"end":{"line":44,"column":73}},"type":"if","locations":[{"start":{"line":44,"column":4},"end":{"line":44,"column":73}},{"start":{},"end":{}}],"line":44},"5":{"loc":{"start":{"line":46,"column":4},"end":{"line":48,"column":5}},"type":"if","locations":[{"start":{"line":46,"column":4},"end":{"line":48,"column":5}},{"start":{},"end":{}}],"line":46}},"s":{"0":3,"1":1,"2":1,"3":1,"4":0,"5":7,"6":7,"7":7,"8":0,"9":7,"10":7,"11":0,"12":2,"13":2,"14":2,"15":1,"16":1,"17":0,"18":1,"19":1,"20":1,"21":0,"22":1,"23":0,"24":1,"25":1,"26":0,"27":3},"f":{"0":1,"1":7,"2":2,"3":1},"b":{"0":[0,7],"1":[7,7,7,7,7],"2":[7,0],"3":[1,1],"4":[0,1],"5":[0,1]},"_coverageSchema":"1a1c01bbd47fc00a2c39e90264f33305004495a9","hash":"b800bacda208b0514d810c92000991ae9d5d2ad5"}
,"/Users/a/LAFOSSE/week-7/project-beta/server/controllers/ratings.js": {"path":"/Users/a/LAFOSSE/week-7/project-beta/server/controllers/ratings.js","statementMap":{"0":{"start":{"line":1,"column":15},"end":{"line":1,"column":42}},"1":{"start":{"line":4,"column":2},"end":{"line":24,"column":3}},"2":{"start":{"line":5,"column":20},"end":{"line":5,"column":38}},"3":{"start":{"line":6,"column":33},"end":{"line":6,"column":41}},"4":{"start":{"line":7,"column":20},"end":{"line":7,"column":36}},"5":{"start":{"line":9,"column":4},"end":{"line":11,"column":5}},"6":{"start":{"line":10,"column":6},"end":{"line":10,"column":67}},"7":{"start":{"line":13,"column":4},"end":{"line":15,"column":5}},"8":{"start":{"line":14,"column":6},"end":{"line":14,"column":89}},"9":{"start":{"line":17,"column":19},"end":{"line":17,"column":74}},"10":{"start":{"line":18,"column":4},"end":{"line":18,"column":33}},"11":{"start":{"line":20,"column":4},"end":{"line":22,"column":5}},"12":{"start":{"line":21,"column":6},"end":{"line":21,"column":81}},"13":{"start":{"line":23,"column":4},"end":{"line":23,"column":49}},"14":{"start":{"line":28,"column":2},"end":{"line":46,"column":3}},"15":{"start":{"line":29,"column":20},"end":{"line":29,"column":38}},"16":{"start":{"line":30,"column":33},"end":{"line":30,"column":41}},"17":{"start":{"line":31,"column":20},"end":{"line":31,"column":36}},"18":{"start":{"line":33,"column":4},"end":{"line":35,"column":5}},"19":{"start":{"line":34,"column":6},"end":{"line":34,"column":67}},"20":{"start":{"line":37,"column":4},"end":{"line":39,"column":5}},"21":{"start":{"line":38,"column":6},"end":{"line":38,"column":89}},"22":{"start":{"line":41,"column":19},"end":{"line":41,"column":80}},"23":{"start":{"line":42,"column":4},"end":{"line":42,"column":76}},"24":{"start":{"line":42,"column":17},"end":{"line":42,"column":76}},"25":{"start":{"line":43,"column":4},"end":{"line":43,"column":33}},"26":{"start":{"line":45,"column":4},"end":{"line":45,"column":49}},"27":{"start":{"line":50,"column":2},"end":{"line":55,"column":3}},"28":{"start":{"line":51,"column":20},"end":{"line":51,"column":63}},"29":{"start":{"line":52,"column":4},"end":{"line":52,"column":34}},"30":{"start":{"line":54,"column":4},"end":{"line":54,"column":49}},"31":{"start":{"line":58,"column":0},"end":{"line":58,"column":65}}},"fnMap":{"0":{"name":"addRating","decl":{"start":{"line":3,"column":15},"end":{"line":3,"column":24}},"loc":{"start":{"line":3,"column":35},"end":{"line":25,"column":1}},"line":3},"1":{"name":"updateRating","decl":{"start":{"line":27,"column":15},"end":{"line":27,"column":27}},"loc":{"start":{"line":27,"column":38},"end":{"line":47,"column":1}},"line":27},"2":{"name":"getRatingsForMovie","decl":{"start":{"line":49,"column":15},"end":{"line":49,"column":33}},"loc":{"start":{"line":49,"column":44},"end":{"line":56,"column":1}},"line":49}},"branchMap":{"0":{"loc":{"start":{"line":9,"column":4},"end":{"line":11,"column":5}},"type":"if","locations":[{"start":{"line":9,"column":4},"end":{"line":11,"column":5}},{"start":{},"end":{}}],"line":9},"1":{"loc":{"start":{"line":9,"column":8},"end":{"line":9,"column":67}},"type":"binary-expr","locations":[{"start":{"line":9,"column":8},"end":{"line":9,"column":38}},{"start":{"line":9,"column":42},"end":{"line":9,"column":67}}],"line":9},"2":{"loc":{"start":{"line":13,"column":4},"end":{"line":15,"column":5}},"type":"if","locations":[{"start":{"line":13,"column":4},"end":{"line":15,"column":5}},{"start":{},"end":{}}],"line":13},"3":{"loc":{"start":{"line":13,"column":8},"end":{"line":13,"column":93}},"type":"binary-expr","locations":[{"start":{"line":13,"column":8},"end":{"line":13,"column":44}},{"start":{"line":13,"column":48},"end":{"line":13,"column":68}},{"start":{"line":13,"column":72},"end":{"line":13,"column":93}}],"line":13},"4":{"loc":{"start":{"line":20,"column":4},"end":{"line":22,"column":5}},"type":"if","locations":[{"start":{"line":20,"column":4},"end":{"line":22,"column":5}},{"start":{},"end":{}}],"line":20},"5":{"loc":{"start":{"line":33,"column":4},"end":{"line":35,"column":5}},"type":"if","locations":[{"start":{"line":33,"column":4},"end":{"line":35,"column":5}},{"start":{},"end":{}}],"line":33},"6":{"loc":{"start":{"line":33,"column":8},"end":{"line":33,"column":67}},"type":"binary-expr","locations":[{"start":{"line":33,"column":8},"end":{"line":33,"column":38}},{"start":{"line":33,"column":42},"end":{"line":33,"column":67}}],"line":33},"7":{"loc":{"start":{"line":37,"column":4},"end":{"line":39,"column":5}},"type":"if","locations":[{"start":{"line":37,"column":4},"end":{"line":39,"column":5}},{"start":{},"end":{}}],"line":37},"8":{"loc":{"start":{"line":37,"column":8},"end":{"line":37,"column":93}},"type":"binary-expr","locations":[{"start":{"line":37,"column":8},"end":{"line":37,"column":44}},{"start":{"line":37,"column":48},"end":{"line":37,"column":68}},{"start":{"line":37,"column":72},"end":{"line":37,"column":93}}],"line":37},"9":{"loc":{"start":{"line":42,"column":4},"end":{"line":42,"column":76}},"type":"if","locations":[{"start":{"line":42,"column":4},"end":{"line":42,"column":76}},{"start":{},"end":{}}],"line":42}},"s":{"0":3,"1":2,"2":2,"3":2,"4":2,"5":2,"6":0,"7":2,"8":0,"9":2,"10":2,"11":0,"12":0,"13":0,"14":0,"15":0,"16":0,"17":0,"18":0,"19":0,"20":0,"21":0,"22":0,"23":0,"24":0,"25":0,"26":0,"27":1,"28":1,"29":1,"30":0,"31":3},"f":{"0":2,"1":0,"2":1},"b":{"0":[0,2],"1":[2,2],"2":[0,2],"3":[2,2,2],"4":[0,0],"5":[0,0],"6":[0,0],"7":[0,0],"8":[0,0,0],"9":[0,0]},"_coverageSchema":"1a1c01bbd47fc00a2c39e90264f33305004495a9","hash":"e64ebfffc170460afbeac5699c2432842f7bff97"}
,"/Users/a/LAFOSSE/week-7/project-beta/server/database/connect.js": {"path":"/Users/a/LAFOSSE/week-7/project-beta/server/database/connect.js","statementMap":{"0":{"start":{"line":1,"column":17},"end":{"line":1,"column":30}},"1":{"start":{"line":3,"column":11},"end":{"line":5,"column":2}},"2":{"start":{"line":7,"column":0},"end":{"line":7,"column":20}}},"fnMap":{},"branchMap":{"0":{"loc":{"start":{"line":4,"column":20},"end":{"line":4,"column":98}},"type":"cond-expr","locations":[{"start":{"line":4,"column":54},"end":{"line":4,"column":77}},{"start":{"line":4,"column":80},"end":{"line":4,"column":98}}],"line":4}},"s":{"0":3,"1":3,"2":3},"f":{},"b":{"0":[3,0]},"_coverageSchema":"1a1c01bbd47fc00a2c39e90264f33305004495a9","hash":"515b0b1948b77699a520c87510d97b0fd6a5be0e"}
,"/Users/a/LAFOSSE/week-7/project-beta/server/middleware/auth.js": {"path":"/Users/a/LAFOSSE/week-7/project-beta/server/middleware/auth.js","statementMap":{"0":{"start":{"line":1,"column":12},"end":{"line":1,"column":35}},"1":{"start":{"line":4,"column":21},"end":{"line":4,"column":49}},"2":{"start":{"line":6,"column":2},"end":{"line":18,"column":3}},"3":{"start":{"line":7,"column":18},"end":{"line":7,"column":42}},"4":{"start":{"line":8,"column":4},"end":{"line":15,"column":7}},"5":{"start":{"line":9,"column":6},"end":{"line":14,"column":7}},"6":{"start":{"line":10,"column":8},"end":{"line":10,"column":57}},"7":{"start":{"line":12,"column":8},"end":{"line":12,"column":24}},"8":{"start":{"line":13,"column":8},"end":{"line":13,"column":15}},"9":{"start":{"line":17,"column":4},"end":{"line":17,"column":53}},"10":{"start":{"line":21,"column":0},"end":{"line":21,"column":22}}},"fnMap":{"0":{"name":"auth","decl":{"start":{"line":3,"column":9},"end":{"line":3,"column":13}},"loc":{"start":{"line":3,"column":30},"end":{"line":19,"column":1}},"line":3},"1":{"name":"(anonymous_1)","decl":{"start":{"line":8,"column":46},"end":{"line":8,"column":47}},"loc":{"start":{"line":8,"column":61},"end":{"line":15,"column":5}},"line":8}},"branchMap":{"0":{"loc":{"start":{"line":6,"column":2},"end":{"line":18,"column":3}},"type":"if","locations":[{"start":{"line":6,"column":2},"end":{"line":18,"column":3}},{"start":{"line":16,"column":9},"end":{"line":18,"column":3}}],"line":6},"1":{"loc":{"start":{"line":9,"column":6},"end":{"line":14,"column":7}},"type":"if","locations":[{"start":{"line":9,"column":6},"end":{"line":14,"column":7}},{"start":{"line":11,"column":13},"end":{"line":14,"column":7}}],"line":9}},"s":{"0":3,"1":18,"2":18,"3":14,"4":14,"5":14,"6":0,"7":14,"8":14,"9":4,"10":3},"f":{"0":18,"1":14},"b":{"0":[14,4],"1":[0,14]},"_coverageSchema":"1a1c01bbd47fc00a2c39e90264f33305004495a9","hash":"3997ed57326cc9bed91b20192ce50219803826e8"}
,"/Users/a/LAFOSSE/week-7/project-beta/server/models/Movie.js": {"path":"/Users/a/LAFOSSE/week-7/project-beta/server/models/Movie.js","statementMap":{"0":{"start":{"line":1,"column":11},"end":{"line":1,"column":41}},"1":{"start":{"line":16,"column":4},"end":{"line":16,"column":27}},"2":{"start":{"line":17,"column":4},"end":{"line":17,"column":31}},"3":{"start":{"line":18,"column":4},"end":{"line":18,"column":29}},"4":{"start":{"line":19,"column":4},"end":{"line":19,"column":29}},"5":{"start":{"line":20,"column":4},"end":{"line":20,"column":41}},"6":{"start":{"line":21,"column":4},"end":{"line":21,"column":39}},"7":{"start":{"line":22,"column":4},"end":{"line":22,"column":85}},"8":{"start":{"line":23,"column":4},"end":{"line":23,"column":41}},"9":{"start":{"line":24,"column":4},"end":{"line":24,"column":88}},"10":{"start":{"line":25,"column":4},"end":{"line":25,"column":37}},"11":{"start":{"line":29,"column":93},"end":{"line":29,"column":97}},"12":{"start":{"line":31,"column":21},"end":{"line":36,"column":5}},"13":{"start":{"line":38,"column":4},"end":{"line":38,"column":73}},"14":{"start":{"line":38,"column":27},"end":{"line":38,"column":73}},"15":{"start":{"line":39,"column":4},"end":{"line":39,"column":39}},"16":{"start":{"line":43,"column":21},"end":{"line":49,"column":5}},"17":{"start":{"line":51,"column":4},"end":{"line":51,"column":58}},"18":{"start":{"line":51,"column":40},"end":{"line":51,"column":56}},"19":{"start":{"line":55,"column":21},"end":{"line":62,"column":5}},"20":{"start":{"line":64,"column":4},"end":{"line":64,"column":48}},"21":{"start":{"line":64,"column":36},"end":{"line":64,"column":48}},"22":{"start":{"line":65,"column":4},"end":{"line":65,"column":39}},"23":{"start":{"line":69,"column":21},"end":{"line":72,"column":5}},"24":{"start":{"line":74,"column":4},"end":{"line":74,"column":48}},"25":{"start":{"line":74,"column":36},"end":{"line":74,"column":48}},"26":{"start":{"line":75,"column":4},"end":{"line":75,"column":39}},"27":{"start":{"line":79,"column":21},"end":{"line":82,"column":5}},"28":{"start":{"line":84,"column":4},"end":{"line":84,"column":48}},"29":{"start":{"line":84,"column":36},"end":{"line":84,"column":48}},"30":{"start":{"line":85,"column":4},"end":{"line":85,"column":39}},"31":{"start":{"line":89,"column":0},"end":{"line":89,"column":23}}},"fnMap":{"0":{"name":"(anonymous_0)","decl":{"start":{"line":4,"column":2},"end":{"line":4,"column":3}},"loc":{"start":{"line":15,"column":5},"end":{"line":26,"column":3}},"line":15},"1":{"name":"(anonymous_1)","decl":{"start":{"line":28,"column":2},"end":{"line":28,"column":3}},"loc":{"start":{"line":28,"column":36},"end":{"line":40,"column":3}},"line":28},"2":{"name":"(anonymous_2)","decl":{"start":{"line":42,"column":2},"end":{"line":42,"column":3}},"loc":{"start":{"line":42,"column":24},"end":{"line":52,"column":3}},"line":42},"3":{"name":"(anonymous_3)","decl":{"start":{"line":51,"column":29},"end":{"line":51,"column":30}},"loc":{"start":{"line":51,"column":40},"end":{"line":51,"column":56}},"line":51},"4":{"name":"(anonymous_4)","decl":{"start":{"line":54,"column":2},"end":{"line":54,"column":3}},"loc":{"start":{"line":54,"column":28},"end":{"line":66,"column":3}},"line":54},"5":{"name":"(anonymous_5)","decl":{"start":{"line":68,"column":2},"end":{"line":68,"column":3}},"loc":{"start":{"line":68,"column":30},"end":{"line":76,"column":3}},"line":68},"6":{"name":"(anonymous_6)","decl":{"start":{"line":78,"column":2},"end":{"line":78,"column":3}},"loc":{"start":{"line":78,"column":60},"end":{"line":86,"column":3}},"line":78}},"branchMap":{"0":{"loc":{"start":{"line":22,"column":27},"end":{"line":22,"column":84}},"type":"cond-expr","locations":[{"start":{"line":22,"column":53},"end":{"line":22,"column":80}},{"start":{"line":22,"column":83},"end":{"line":22,"column":84}}],"line":22},"1":{"loc":{"start":{"line":24,"column":27},"end":{"line":24,"column":87}},"type":"cond-expr","locations":[{"start":{"line":24,"column":53},"end":{"line":24,"column":80}},{"start":{"line":24,"column":83},"end":{"line":24,"column":87}}],"line":24},"2":{"loc":{"start":{"line":25,"column":20},"end":{"line":25,"column":36}},"type":"binary-expr","locations":[{"start":{"line":25,"column":20},"end":{"line":25,"column":28}},{"start":{"line":25,"column":32},"end":{"line":25,"column":36}}],"line":25},"3":{"loc":{"start":{"line":38,"column":4},"end":{"line":38,"column":73}},"type":"if","locations":[{"start":{"line":38,"column":4},"end":{"line":38,"column":73}},{"start":{},"end":{}}],"line":38},"4":{"loc":{"start":{"line":64,"column":4},"end":{"line":64,"column":48}},"type":"if","locations":[{"start":{"line":64,"column":4},"end":{"line":64,"column":48}},{"start":{},"end":{}}],"line":64},"5":{"loc":{"start":{"line":74,"column":4},"end":{"line":74,"column":48}},"type":"if","locations":[{"start":{"line":74,"column":4},"end":{"line":74,"column":48}},{"start":{},"end":{}}],"line":74},"6":{"loc":{"start":{"line":84,"column":4},"end":{"line":84,"column":48}},"type":"if","locations":[{"start":{"line":84,"column":4},"end":{"line":84,"column":48}},{"start":{},"end":{}}],"line":84}},"s":{"0":3,"1":10,"2":10,"3":10,"4":10,"5":10,"6":10,"7":10,"8":10,"9":10,"10":10,"11":7,"12":7,"13":7,"14":0,"15":7,"16":1,"17":1,"18":0,"19":3,"20":3,"21":1,"22":2,"23":1,"24":1,"25":0,"26":1,"27":0,"28":0,"29":0,"30":0,"31":3},"f":{"0":10,"1":7,"2":1,"3":0,"4":3,"5":1,"6":0},"b":{"0":[10,0],"1":[0,10],"2":[10,0],"3":[0,7],"4":[1,2],"5":[0,1],"6":[0,0]},"_coverageSchema":"1a1c01bbd47fc00a2c39e90264f33305004495a9","hash":"5936742d2aa9fdaec3c30440b66119b2dc4f1bda"}
,"/Users/a/LAFOSSE/week-7/project-beta/server/models/Rating.js": {"path":"/Users/a/LAFOSSE/week-7/project-beta/server/models/Rating.js","statementMap":{"0":{"start":{"line":1,"column":11},"end":{"line":1,"column":41}},"1":{"start":{"line":13,"column":4},"end":{"line":13,"column":45}},"2":{"start":{"line":14,"column":4},"end":{"line":14,"column":27}},"3":{"start":{"line":15,"column":4},"end":{"line":15,"column":27}},"4":{"start":{"line":16,"column":4},"end":{"line":16,"column":45}},"5":{"start":{"line":17,"column":4},"end":{"line":17,"column":37}},"6":{"start":{"line":18,"column":4},"end":{"line":18,"column":39}},"7":{"start":{"line":19,"column":4},"end":{"line":19,"column":49}},"8":{"start":{"line":23,"column":21},"end":{"line":28,"column":5}},"9":{"start":{"line":30,"column":4},"end":{"line":30,"column":75}},"10":{"start":{"line":30,"column":27},"end":{"line":30,"column":75}},"11":{"start":{"line":31,"column":4},"end":{"line":31,"column":40}},"12":{"start":{"line":35,"column":21},"end":{"line":41,"column":5}},"13":{"start":{"line":43,"column":4},"end":{"line":43,"column":48}},"14":{"start":{"line":43,"column":36},"end":{"line":43,"column":48}},"15":{"start":{"line":44,"column":4},"end":{"line":44,"column":40}},"16":{"start":{"line":48,"column":21},"end":{"line":55,"column":5}},"17":{"start":{"line":57,"column":4},"end":{"line":57,"column":61}},"18":{"start":{"line":57,"column":41},"end":{"line":57,"column":59}},"19":{"start":{"line":61,"column":21},"end":{"line":68,"column":5}},"20":{"start":{"line":70,"column":4},"end":{"line":70,"column":61}},"21":{"start":{"line":70,"column":41},"end":{"line":70,"column":59}},"22":{"start":{"line":74,"column":0},"end":{"line":74,"column":24}}},"fnMap":{"0":{"name":"(anonymous_0)","decl":{"start":{"line":4,"column":2},"end":{"line":4,"column":3}},"loc":{"start":{"line":12,"column":5},"end":{"line":20,"column":3}},"line":12},"1":{"name":"(anonymous_1)","decl":{"start":{"line":22,"column":2},"end":{"line":22,"column":3}},"loc":{"start":{"line":22,"column":46},"end":{"line":32,"column":3}},"line":22},"2":{"name":"(anonymous_2)","decl":{"start":{"line":34,"column":2},"end":{"line":34,"column":3}},"loc":{"start":{"line":34,"column":52},"end":{"line":45,"column":3}},"line":34},"3":{"name":"(anonymous_3)","decl":{"start":{"line":47,"column":2},"end":{"line":47,"column":3}},"loc":{"start":{"line":47,"column":34},"end":{"line":58,"column":3}},"line":47},"4":{"name":"(anonymous_4)","decl":{"start":{"line":57,"column":29},"end":{"line":57,"column":30}},"loc":{"start":{"line":57,"column":41},"end":{"line":57,"column":59}},"line":57},"5":{"name":"(anonymous_5)","decl":{"start":{"line":60,"column":2},"end":{"line":60,"column":3}},"loc":{"start":{"line":60,"column":34},"end":{"line":71,"column":3}},"line":60},"6":{"name":"(anonymous_6)","decl":{"start":{"line":70,"column":29},"end":{"line":70,"column":30}},"loc":{"start":{"line":70,"column":41},"end":{"line":70,"column":59}},"line":70}},"branchMap":{"0":{"loc":{"start":{"line":17,"column":20},"end":{"line":17,"column":36}},"type":"binary-expr","locations":[{"start":{"line":17,"column":20},"end":{"line":17,"column":28}},{"start":{"line":17,"column":32},"end":{"line":17,"column":36}}],"line":17},"1":{"loc":{"start":{"line":18,"column":21},"end":{"line":18,"column":38}},"type":"binary-expr","locations":[{"start":{"line":18,"column":21},"end":{"line":18,"column":30}},{"start":{"line":18,"column":34},"end":{"line":18,"column":38}}],"line":18},"2":{"loc":{"start":{"line":19,"column":26},"end":{"line":19,"column":48}},"type":"binary-expr","locations":[{"start":{"line":19,"column":26},"end":{"line":19,"column":40}},{"start":{"line":19,"column":44},"end":{"line":19,"column":48}}],"line":19},"3":{"loc":{"start":{"line":30,"column":4},"end":{"line":30,"column":75}},"type":"if","locations":[{"start":{"line":30,"column":4},"end":{"line":30,"column":75}},{"start":{},"end":{}}],"line":30},"4":{"loc":{"start":{"line":43,"column":4},"end":{"line":43,"column":48}},"type":"if","locations":[{"start":{"line":43,"column":4},"end":{"line":43,"column":48}},{"start":{},"end":{}}],"line":43}},"s":{"0":3,"1":3,"2":3,"3":3,"4":3,"5":3,"6":3,"7":3,"8":2,"9":2,"10":0,"11":2,"12":0,"13":0,"14":0,"15":0,"16":1,"17":1,"18":1,"19":0,"20":0,"21":0,"22":3},"f":{"0":3,"1":2,"2":0,"3":1,"4":1,"5":0,"6":0},"b":{"0":[3,2],"1":[3,3],"2":[3,3],"3":[0,2],"4":[0,0]},"_coverageSchema":"1a1c01bbd47fc00a2c39e90264f33305004495a9","hash":"01c1cbd487a327de9ba733d1e091c7264160ddb7"}
,"/Users/a/LAFOSSE/week-7/project-beta/server/models/User.js": {"path":"/Users/a/LAFOSSE/week-7/project-beta/server/models/User.js","statementMap":{"0":{"start":{"line":1,"column":11},"end":{"line":1,"column":41}},"1":{"start":{"line":5,"column":4},"end":{"line":5,"column":27}},"2":{"start":{"line":6,"column":4},"end":{"line":6,"column":29}},"3":{"start":{"line":7,"column":4},"end":{"line":7,"column":29}},"4":{"start":{"line":11,"column":21},"end":{"line":14,"column":5}},"5":{"start":{"line":16,"column":4},"end":{"line":16,"column":73}},"6":{"start":{"line":16,"column":27},"end":{"line":16,"column":73}},"7":{"start":{"line":17,"column":4},"end":{"line":17,"column":38}},"8":{"start":{"line":21,"column":21},"end":{"line":24,"column":5}},"9":{"start":{"line":26,"column":4},"end":{"line":26,"column":48}},"10":{"start":{"line":26,"column":36},"end":{"line":26,"column":48}},"11":{"start":{"line":27,"column":4},"end":{"line":27,"column":38}},"12":{"start":{"line":31,"column":21},"end":{"line":34,"column":5}},"13":{"start":{"line":36,"column":4},"end":{"line":36,"column":48}},"14":{"start":{"line":36,"column":36},"end":{"line":36,"column":48}},"15":{"start":{"line":37,"column":4},"end":{"line":37,"column":38}},"16":{"start":{"line":41,"column":21},"end":{"line":43,"column":5}},"17":{"start":{"line":45,"column":4},"end":{"line":45,"column":55}},"18":{"start":{"line":45,"column":39},"end":{"line":45,"column":53}},"19":{"start":{"line":49,"column":21},"end":{"line":52,"column":5}},"20":{"start":{"line":54,"column":4},"end":{"line":54,"column":48}},"21":{"start":{"line":54,"column":36},"end":{"line":54,"column":48}},"22":{"start":{"line":55,"column":4},"end":{"line":55,"column":38}},"23":{"start":{"line":59,"column":0},"end":{"line":59,"column":22}}},"fnMap":{"0":{"name":"(anonymous_0)","decl":{"start":{"line":4,"column":2},"end":{"line":4,"column":3}},"loc":{"start":{"line":4,"column":47},"end":{"line":8,"column":3}},"line":4},"1":{"name":"(anonymous_1)","decl":{"start":{"line":10,"column":2},"end":{"line":10,"column":3}},"loc":{"start":{"line":10,"column":48},"end":{"line":18,"column":3}},"line":10},"2":{"name":"(anonymous_2)","decl":{"start":{"line":20,"column":2},"end":{"line":20,"column":3}},"loc":{"start":{"line":20,"column":40},"end":{"line":28,"column":3}},"line":20},"3":{"name":"(anonymous_3)","decl":{"start":{"line":30,"column":2},"end":{"line":30,"column":3}},"loc":{"start":{"line":30,"column":28},"end":{"line":38,"column":3}},"line":30},"4":{"name":"(anonymous_4)","decl":{"start":{"line":40,"column":2},"end":{"line":40,"column":3}},"loc":{"start":{"line":40,"column":24},"end":{"line":46,"column":3}},"line":40},"5":{"name":"(anonymous_5)","decl":{"start":{"line":45,"column":29},"end":{"line":45,"column":30}},"loc":{"start":{"line":45,"column":39},"end":{"line":45,"column":53}},"line":45},"6":{"name":"(anonymous_6)","decl":{"start":{"line":48,"column":2},"end":{"line":48,"column":3}},"loc":{"start":{"line":48,"column":30},"end":{"line":56,"column":3}},"line":48}},"branchMap":{"0":{"loc":{"start":{"line":16,"column":4},"end":{"line":16,"column":73}},"type":"if","locations":[{"start":{"line":16,"column":4},"end":{"line":16,"column":73}},{"start":{},"end":{}}],"line":16},"1":{"loc":{"start":{"line":26,"column":4},"end":{"line":26,"column":48}},"type":"if","locations":[{"start":{"line":26,"column":4},"end":{"line":26,"column":48}},{"start":{},"end":{}}],"line":26},"2":{"loc":{"start":{"line":36,"column":4},"end":{"line":36,"column":48}},"type":"if","locations":[{"start":{"line":36,"column":4},"end":{"line":36,"column":48}},{"start":{},"end":{}}],"line":36},"3":{"loc":{"start":{"line":54,"column":4},"end":{"line":54,"column":48}},"type":"if","locations":[{"start":{"line":54,"column":4},"end":{"line":54,"column":48}},{"start":{},"end":{}}],"line":54}},"s":{"0":3,"1":29,"2":29,"3":29,"4":15,"5":15,"6":0,"7":15,"8":30,"9":30,"10":16,"11":14,"12":0,"13":0,"14":0,"15":0,"16":0,"17":0,"18":0,"19":0,"20":0,"21":0,"22":0,"23":3},"f":{"0":29,"1":15,"2":30,"3":0,"4":0,"5":0,"6":0},"b":{"0":[0,15],"1":[16,14],"2":[0,0],"3":[0,0]},"_coverageSchema":"1a1c01bbd47fc00a2c39e90264f33305004495a9","hash":"5c214d784f9e3708dd0d9e632b107d6dce3ef445"}
,"/Users/a/LAFOSSE/week-7/project-beta/server/routes/auth.js": {"path":"/Users/a/LAFOSSE/week-7/project-beta/server/routes/auth.js","statementMap":{"0":{"start":{"line":1,"column":19},"end":{"line":1,"column":37}},"1":{"start":{"line":3,"column":23},"end":{"line":3,"column":56}},"2":{"start":{"line":5,"column":19},"end":{"line":5,"column":27}},"3":{"start":{"line":7,"column":0},"end":{"line":7,"column":54}},"4":{"start":{"line":8,"column":0},"end":{"line":8,"column":48}},"5":{"start":{"line":10,"column":0},"end":{"line":10,"column":28}}},"fnMap":{},"branchMap":{},"s":{"0":3,"1":3,"2":3,"3":3,"4":3,"5":3},"f":{},"b":{},"_coverageSchema":"1a1c01bbd47fc00a2c39e90264f33305004495a9","hash":"42ee3f9a1b987108f0d373a735b362b1529a1f55"}
,"/Users/a/LAFOSSE/week-7/project-beta/server/routes/external.js": {"path":"/Users/a/LAFOSSE/week-7/project-beta/server/routes/external.js","statementMap":{"0":{"start":{"line":1,"column":19},"end":{"line":1,"column":37}},"1":{"start":{"line":2,"column":27},"end":{"line":2,"column":61}},"2":{"start":{"line":3,"column":13},"end":{"line":3,"column":42}},"3":{"start":{"line":5,"column":23},"end":{"line":5,"column":31}},"4":{"start":{"line":7,"column":0},"end":{"line":7,"column":84}},"5":{"start":{"line":9,"column":0},"end":{"line":9,"column":32}}},"fnMap":{},"branchMap":{},"s":{"0":3,"1":3,"2":3,"3":3,"4":3,"5":3},"f":{},"b":{},"_coverageSchema":"1a1c01bbd47fc00a2c39e90264f33305004495a9","hash":"3e130af0662d2b4accaf100f352a4f693b2effc7"}
,"/Users/a/LAFOSSE/week-7/project-beta/server/routes/movies.js": {"path":"/Users/a/LAFOSSE/week-7/project-beta/server/routes/movies.js","statementMap":{"0":{"start":{"line":1,"column":19},"end":{"line":1,"column":37}},"1":{"start":{"line":2,"column":25},"end":{"line":2,"column":57}},"2":{"start":{"line":3,"column":13},"end":{"line":3,"column":42}},"3":{"start":{"line":5,"column":21},"end":{"line":5,"column":29}},"4":{"start":{"line":7,"column":0},"end":{"line":7,"column":56}},"5":{"start":{"line":8,"column":0},"end":{"line":8,"column":56}},"6":{"start":{"line":9,"column":0},"end":{"line":9,"column":62}},"7":{"start":{"line":10,"column":0},"end":{"line":10,"column":64}},"8":{"start":{"line":12,"column":0},"end":{"line":12,"column":30}}},"fnMap":{},"branchMap":{},"s":{"0":3,"1":3,"2":3,"3":3,"4":3,"5":3,"6":3,"7":3,"8":3},"f":{},"b":{},"_coverageSchema":"1a1c01bbd47fc00a2c39e90264f33305004495a9","hash":"4018df1da35c3d2e278c08a20e69766c3660a25a"}
,"/Users/a/LAFOSSE/week-7/project-beta/server/routes/ratings.js": {"path":"/Users/a/LAFOSSE/week-7/project-beta/server/routes/ratings.js","statementMap":{"0":{"start":{"line":1,"column":19},"end":{"line":1,"column":37}},"1":{"start":{"line":2,"column":26},"end":{"line":2,"column":59}},"2":{"start":{"line":3,"column":13},"end":{"line":3,"column":42}},"3":{"start":{"line":5,"column":22},"end":{"line":5,"column":30}},"4":{"start":{"line":7,"column":0},"end":{"line":7,"column":83}},"5":{"start":{"line":8,"column":0},"end":{"line":8,"column":75}},"6":{"start":{"line":9,"column":0},"end":{"line":9,"column":79}},"7":{"start":{"line":11,"column":0},"end":{"line":11,"column":31}}},"fnMap":{},"branchMap":{},"s":{"0":3,"1":3,"2":3,"3":3,"4":3,"5":3,"6":3,"7":3},"f":{},"b":{},"_coverageSchema":"1a1c01bbd47fc00a2c39e90264f33305004495a9","hash":"7da212a27eb9d47ddcb248a17a3c2c06b3cac33e"}
}
