TN:
SF:app.js
FNF:0
FNH:0
DA:1,3
DA:2,3
DA:3,3
DA:5,3
DA:6,3
DA:7,3
DA:8,3
DA:10,3
DA:12,3
DA:13,3
DA:15,3
DA:16,3
DA:17,3
DA:18,3
DA:20,3
LF:15
LH:15
BRDA:12,0,0,3
BRDA:12,0,1,3
BRF:2
BRH:2
end_of_record
TN:
SF:__tests__/integration/config.js
FN:7,(anonymous_0)
FN:19,(anonymous_1)
FN:20,(anonymous_2)
FNF:3
FNH:3
FNDA:16,(anonymous_0)
FNDA:3,(anonymous_1)
FNDA:3,(anonymous_2)
DA:1,3
DA:2,3
DA:3,3
DA:5,3
DA:7,3
DA:8,16
DA:9,16
DA:10,16
DA:12,0
DA:13,0
DA:17,3
DA:19,3
DA:20,3
DA:21,3
LF:14
LH:12
BRF:0
BRH:0
end_of_record
TN:
SF:controllers/auth.js
FN:5,register
FN:27,login
FNF:2
FNH:2
FNDA:16,register
FNDA:14,login
DA:1,3
DA:2,3
DA:3,3
DA:6,16
DA:7,16
DA:9,16
DA:10,0
DA:13,16
DA:14,16
DA:15,1
DA:18,15
DA:19,15
DA:21,15
DA:23,0
DA:28,14
DA:29,14
DA:31,14
DA:32,0
DA:35,14
DA:36,14
DA:37,1
DA:40,13
DA:41,13
DA:42,1
DA:45,12
DA:51,12
DA:56,0
DA:60,3
LF:28
LH:24
BRDA:9,0,0,0
BRDA:9,0,1,16
BRDA:9,1,0,16
BRDA:9,1,1,16
BRDA:14,2,0,1
BRDA:14,2,1,15
BRDA:31,3,0,0
BRDA:31,3,1,14
BRDA:31,4,0,14
BRDA:31,4,1,14
BRDA:36,5,0,1
BRDA:36,5,1,13
BRDA:41,6,0,1
BRDA:41,6,1,12
BRF:14
BRH:12
end_of_record
TN:
SF:controllers/external.js
FN:3,refreshExternalRating
FNF:1
FNH:0
FNDA:0,refreshExternalRating
DA:1,3
DA:4,0
DA:5,0
DA:6,0
DA:9,0
DA:10,0
DA:13,0
DA:15,0
DA:18,0
DA:19,0
DA:22,0
DA:23,0
DA:24,0
DA:27,0
DA:28,0
DA:30,0
DA:34,3
LF:17
LH:2
BRDA:6,0,0,0
BRDA:6,0,1,0
BRDA:18,1,0,0
BRDA:18,1,1,0
BRDA:18,2,0,0
BRDA:18,2,1,0
BRDA:23,3,0,0
BRDA:23,3,1,0
BRF:8
BRH:0
end_of_record
TN:
SF:controllers/movies.js
FN:3,getMovies
FN:12,addMovie
FN:31,getMovieById
FN:41,deleteMovie
FNF:4
FNH:4
FNDA:1,getMovies
FNDA:7,addMovie
FNDA:2,getMovieById
FNDA:1,deleteMovie
DA:1,3
DA:4,1
DA:5,1
DA:6,1
DA:8,0
DA:13,7
DA:14,7
DA:16,7
DA:17,0
DA:20,7
DA:25,7
DA:27,0
DA:32,2
DA:33,2
DA:34,2
DA:35,1
DA:37,0
DA:42,1
DA:43,1
DA:44,1
DA:46,1
DA:47,0
DA:50,1
DA:51,1
DA:53,0
DA:57,3
LF:26
LH:20
BRDA:16,0,0,0
BRDA:16,0,1,7
BRDA:16,1,0,7
BRDA:16,1,1,7
BRDA:16,1,2,7
BRDA:16,1,3,7
BRDA:16,1,4,7
BRDA:22,2,0,7
BRDA:22,2,1,0
BRDA:34,3,0,1
BRDA:34,3,1,1
BRDA:44,4,0,0
BRDA:44,4,1,1
BRDA:46,5,0,0
BRDA:46,5,1,1
BRF:15
BRH:11
end_of_record
TN:
SF:controllers/ratings.js
FN:3,addRating
FN:27,updateRating
FN:49,getRatingsForMovie
FNF:3
FNH:2
FNDA:2,addRating
FNDA:0,updateRating
FNDA:1,getRatingsForMovie
DA:1,3
DA:4,2
DA:5,2
DA:6,2
DA:7,2
DA:9,2
DA:10,0
DA:13,2
DA:14,0
DA:17,2
DA:18,2
DA:20,0
DA:21,0
DA:23,0
DA:28,0
DA:29,0
DA:30,0
DA:31,0
DA:33,0
DA:34,0
DA:37,0
DA:38,0
DA:41,0
DA:42,0
DA:43,0
DA:45,0
DA:50,1
DA:51,1
DA:52,1
DA:54,0
DA:58,3
LF:31
LH:13
BRDA:9,0,0,0
BRDA:9,0,1,2
BRDA:9,1,0,2
BRDA:9,1,1,2
BRDA:13,2,0,0
BRDA:13,2,1,2
BRDA:13,3,0,2
BRDA:13,3,1,2
BRDA:13,3,2,2
BRDA:20,4,0,0
BRDA:20,4,1,0
BRDA:33,5,0,0
BRDA:33,5,1,0
BRDA:33,6,0,0
BRDA:33,6,1,0
BRDA:37,7,0,0
BRDA:37,7,1,0
BRDA:37,8,0,0
BRDA:37,8,1,0
BRDA:37,8,2,0
BRDA:42,9,0,0
BRDA:42,9,1,0
BRF:22
BRH:7
end_of_record
TN:
SF:database/connect.js
FNF:0
FNH:0
DA:1,3
DA:3,3
DA:7,3
LF:3
LH:3
BRDA:4,0,0,3
BRDA:4,0,1,0
BRF:2
BRH:1
end_of_record
TN:
SF:middleware/auth.js
FN:3,auth
FN:8,(anonymous_1)
FNF:2
FNH:2
FNDA:18,auth
FNDA:14,(anonymous_1)
DA:1,3
DA:4,18
DA:6,18
DA:7,14
DA:8,14
DA:9,14
DA:10,0
DA:12,14
DA:13,14
DA:17,4
DA:21,3
LF:11
LH:10
BRDA:6,0,0,14
BRDA:6,0,1,4
BRDA:9,1,0,0
BRDA:9,1,1,14
BRF:4
BRH:3
end_of_record
TN:
SF:models/Movie.js
FN:4,(anonymous_0)
FN:28,(anonymous_1)
FN:42,(anonymous_2)
FN:51,(anonymous_3)
FN:54,(anonymous_4)
FN:68,(anonymous_5)
FN:78,(anonymous_6)
FNF:7
FNH:5
FNDA:10,(anonymous_0)
FNDA:7,(anonymous_1)
FNDA:1,(anonymous_2)
FNDA:0,(anonymous_3)
FNDA:3,(anonymous_4)
FNDA:1,(anonymous_5)
FNDA:0,(anonymous_6)
DA:1,3
DA:16,10
DA:17,10
DA:18,10
DA:19,10
DA:20,10
DA:21,10
DA:22,10
DA:23,10
DA:24,10
DA:25,10
DA:29,7
DA:31,7
DA:38,7
DA:39,7
DA:43,1
DA:51,1
DA:55,3
DA:64,3
DA:65,2
DA:69,1
DA:74,1
DA:75,1
DA:79,0
DA:84,0
DA:85,0
DA:89,3
LF:27
LH:24
BRDA:22,0,0,10
BRDA:22,0,1,0
BRDA:24,1,0,0
BRDA:24,1,1,10
BRDA:25,2,0,10
BRDA:25,2,1,0
BRDA:38,3,0,0
BRDA:38,3,1,7
BRDA:64,4,0,1
BRDA:64,4,1,2
BRDA:74,5,0,0
BRDA:74,5,1,1
BRDA:84,6,0,0
BRDA:84,6,1,0
BRF:14
BRH:7
end_of_record
TN:
SF:models/Rating.js
FN:4,(anonymous_0)
FN:22,(anonymous_1)
FN:34,(anonymous_2)
FN:47,(anonymous_3)
FN:57,(anonymous_4)
FN:60,(anonymous_5)
FN:70,(anonymous_6)
FNF:7
FNH:4
FNDA:3,(anonymous_0)
FNDA:2,(anonymous_1)
FNDA:0,(anonymous_2)
FNDA:1,(anonymous_3)
FNDA:1,(anonymous_4)
FNDA:0,(anonymous_5)
FNDA:0,(anonymous_6)
DA:1,3
DA:13,3
DA:14,3
DA:15,3
DA:16,3
DA:17,3
DA:18,3
DA:19,3
DA:23,2
DA:30,2
DA:31,2
DA:35,0
DA:43,0
DA:44,0
DA:48,1
DA:57,1
DA:61,0
DA:70,0
DA:74,3
LF:19
LH:14
BRDA:17,0,0,3
BRDA:17,0,1,2
BRDA:18,1,0,3
BRDA:18,1,1,3
BRDA:19,2,0,3
BRDA:19,2,1,3
BRDA:30,3,0,0
BRDA:30,3,1,2
BRDA:43,4,0,0
BRDA:43,4,1,0
BRF:10
BRH:7
end_of_record
TN:
SF:models/User.js
FN:4,(anonymous_0)
FN:10,(anonymous_1)
FN:20,(anonymous_2)
FN:30,(anonymous_3)
FN:40,(anonymous_4)
FN:45,(anonymous_5)
FN:48,(anonymous_6)
FNF:7
FNH:3
FNDA:29,(anonymous_0)
FNDA:15,(anonymous_1)
FNDA:30,(anonymous_2)
FNDA:0,(anonymous_3)
FNDA:0,(anonymous_4)
FNDA:0,(anonymous_5)
FNDA:0,(anonymous_6)
DA:1,3
DA:5,29
DA:6,29
DA:7,29
DA:11,15
DA:16,15
DA:17,15
DA:21,30
DA:26,30
DA:27,14
DA:31,0
DA:36,0
DA:37,0
DA:41,0
DA:45,0
DA:49,0
DA:54,0
DA:55,0
DA:59,3
LF:19
LH:11
BRDA:16,0,0,0
BRDA:16,0,1,15
BRDA:26,1,0,16
BRDA:26,1,1,14
BRDA:36,2,0,0
BRDA:36,2,1,0
BRDA:54,3,0,0
BRDA:54,3,1,0
BRF:8
BRH:3
end_of_record
TN:
SF:routes/auth.js
FNF:0
FNH:0
DA:1,3
DA:3,3
DA:5,3
DA:7,3
DA:8,3
DA:10,3
LF:6
LH:6
BRF:0
BRH:0
end_of_record
TN:
SF:routes/external.js
FNF:0
FNH:0
DA:1,3
DA:2,3
DA:3,3
DA:5,3
DA:7,3
DA:9,3
LF:6
LH:6
BRF:0
BRH:0
end_of_record
TN:
SF:routes/movies.js
FNF:0
FNH:0
DA:1,3
DA:2,3
DA:3,3
DA:5,3
DA:7,3
DA:8,3
DA:9,3
DA:10,3
DA:12,3
LF:9
LH:9
BRF:0
BRH:0
end_of_record
TN:
SF:routes/ratings.js
FNF:0
FNH:0
DA:1,3
DA:2,3
DA:3,3
DA:5,3
DA:7,3
DA:8,3
DA:9,3
DA:11,3
LF:8
LH:8
BRF:0
BRH:0
end_of_record
